Added Component: Designator=*1(电源模块)
Add component. Clean all parameters for all variants
Added Component: Designator=*2(STM32_DIP30)
Add component. Clean all parameters for all variants
Added Component: Designator=*3(LM2596)
Add component. Clean all parameters for all variants
Added Component: Designator=*4(MPU6050)
Add component. Clean all parameters for all variants
Added Component: Designator=*(XH2.54-LI-5P)
Add component. Clean all parameters for all variants
Added Component: Designator=*(T型接口封装)
Add component. Clean all parameters for all variants
Added Component: Designator=E1(CAP 2.0*5*11)
Add component. Clean all parameters for all variants
Add component (AddParameter): Name = "BOM名称"; Value = "直插电解电容"; VariantName = "[No Variations]"
Add component (AddParameter): Name = "学习资源"; Value = "www.ooocke.com"; VariantName = "[No Variations]"
Add component (AddParameter): Name = "版权归属"; Value = "源创客"; VariantName = "[No Variations]"
Added Component: Designator=J1(4P)
Add component. Clean all parameters for all variants
Added Component: Designator=JP1(XH2.54-LI-6P)
Add component. Clean all parameters for all variants
Add component (AddParameter): Name = "BOM名称"; Value = "6P接插件"; VariantName = "[No Variations]"
Add component (AddParameter): Name = "学习资源"; Value = "www.ooocke.com"; VariantName = "[No Variations]"
Add component (AddParameter): Name = "版权归属"; Value = "源创客"; VariantName = "[No Variations]"
Added Component: Designator=JP2(XH2.54-LI-6P)
Add component. Clean all parameters for all variants
Add component (AddParameter): Name = "BOM名称"; Value = "6P接插件"; VariantName = "[No Variations]"
Add component (AddParameter): Name = "学习资源"; Value = "www.ooocke.com"; VariantName = "[No Variations]"
Add component (AddParameter): Name = "版权归属"; Value = "源创客"; VariantName = "[No Variations]"
Added Component: Designator=JP3(6P)
Add component. Clean all parameters for all variants
Add component (AddParameter): Name = "BOM名称"; Value = "6P接插件"; VariantName = "[No Variations]"
Add component (AddParameter): Name = "学习资源"; Value = "www.ooocke.com"; VariantName = "[No Variations]"
Add component (AddParameter): Name = "版权归属"; Value = "源创客"; VariantName = "[No Variations]"
Added Component: Designator=S1(MTS-10x)
Add component. Clean all parameters for all variants
Add component (AddParameter): Name = "BOM名称"; Value = "MTS10x系列3脚扭子开关"; VariantName = "[No Variations]"
Add component (AddParameter): Name = "学习资源"; Value = "www.ooocke.com"; VariantName = "[No Variations]"
Add component (AddParameter): Name = "版权归属"; Value = "源创客"; VariantName = "[No Variations]"
Added Pin To Net: NetName=3V3 Pin=*2-15
Added Pin To Net: NetName=3V3 Pin=*2-30
Added Pin To Net: NetName=3V3 Pin=*-4
Added Net: Name=3V3
Added Pin To Net: NetName=5V Pin=*1-2
Added Pin To Net: NetName=5V Pin=*1-13
Added Pin To Net: NetName=5V Pin=*2-1
Added Pin To Net: NetName=5V Pin=*3-7
Added Pin To Net: NetName=5V Pin=*3-8
Added Pin To Net: NetName=5V Pin=*4-1
Added Pin To Net: NetName=5V Pin=J1-1
Added Pin To Net: NetName=5V Pin=JP1-2
Added Pin To Net: NetName=5V Pin=JP2-2
Added Pin To Net: NetName=5V Pin=JP3-2
Added Net: Name=5V
Added Pin To Net: NetName=12V Pin=*1-1
Added Pin To Net: NetName=12V Pin=*3-4
Added Pin To Net: NetName=12V Pin=*3-5
Added Pin To Net: NetName=12V Pin=*3-6
Added Pin To Net: NetName=12V Pin=E1-1
Added Pin To Net: NetName=12V Pin=S1-1
Added Net: Name=12V
Added Pin To Net: NetName=AO1 Pin=*1-4
Added Pin To Net: NetName=AO1 Pin=JP2-1
Added Net: Name=AO1
Added Pin To Net: NetName=AO2 Pin=*1-5
Added Pin To Net: NetName=AO2 Pin=JP2-6
Added Net: Name=AO2
Added Pin To Net: NetName=BO1 Pin=*1-7
Added Pin To Net: NetName=BO1 Pin=JP1-1
Added Net: Name=BO1
Added Pin To Net: NetName=BO2 Pin=*1-6
Added Pin To Net: NetName=BO2 Pin=JP1-6
Added Net: Name=BO2
Added Pin To Net: NetName=GND Pin=*1-3
Added Pin To Net: NetName=GND Pin=*1-8
Added Pin To Net: NetName=GND Pin=*1-9
Added Pin To Net: NetName=GND Pin=*2-2
Added Pin To Net: NetName=GND Pin=*2-14
Added Pin To Net: NetName=GND Pin=*2-29
Added Pin To Net: NetName=GND Pin=*3-1
Added Pin To Net: NetName=GND Pin=*3-2
Added Pin To Net: NetName=GND Pin=*3-3
Added Pin To Net: NetName=GND Pin=*3-9
Added Pin To Net: NetName=GND Pin=*3-10
Added Pin To Net: NetName=GND Pin=*4-2
Added Pin To Net: NetName=GND Pin=*-2
Added Pin To Net: NetName=GND Pin=*-5
Added Pin To Net: NetName=GND Pin=E1-2
Added Pin To Net: NetName=GND Pin=J1-4
Added Pin To Net: NetName=GND Pin=JP1-5
Added Pin To Net: NetName=GND Pin=JP2-5
Added Pin To Net: NetName=GND Pin=JP3-3
Added Net: Name=GND
Added Pin To Net: NetName=Net*_1 Pin=*-1
Added Pin To Net: NetName=Net*_1 Pin=S1-2
Added Net: Name=Net*_1
Added Pin To Net: NetName=PA0 Pin=*2-10
Added Pin To Net: NetName=PA0 Pin=JP1-3
Added Net: Name=PA0
Added Pin To Net: NetName=PA1 Pin=*2-11
Added Pin To Net: NetName=PA1 Pin=JP1-4
Added Net: Name=PA1
Added Pin To Net: NetName=PA2 Pin=*2-12
Added Pin To Net: NetName=PA2 Pin=*-2
Added Net: Name=PA2
Added Pin To Net: NetName=PA3 Pin=*2-13
Added Pin To Net: NetName=PA3 Pin=*-3
Added Net: Name=PA3
Added Pin To Net: NetName=PA6 Pin=*2-16
Added Net: Name=PA6
Added Pin To Net: NetName=PA7 Pin=*2-17
Added Pin To Net: NetName=PA7 Pin=*-1
Added Net: Name=PA7
Added Pin To Net: NetName=PA8 Pin=*1-16
Added Pin To Net: NetName=PA8 Pin=*2-26
Added Net: Name=PA8
Added Pin To Net: NetName=PA11 Pin=*1-10
Added Pin To Net: NetName=PA11 Pin=*2-27
Added Net: Name=PA11
Added Pin To Net: NetName=PA12 Pin=*2-28
Added Pin To Net: NetName=PA12 Pin=*4-8
Added Net: Name=PA12
Added Pin To Net: NetName=PB0 Pin=*2-18
Added Pin To Net: NetName=PB0 Pin=J1-3
Added Net: Name=PB0
Added Pin To Net: NetName=PB1 Pin=*2-19
Added Pin To Net: NetName=PB1 Pin=J1-2
Added Net: Name=PB1
Added Pin To Net: NetName=PB6 Pin=*2-3
Added Pin To Net: NetName=PB6 Pin=JP2-3
Added Net: Name=PB6
Added Pin To Net: NetName=PB7 Pin=*2-4
Added Pin To Net: NetName=PB7 Pin=JP2-4
Added Net: Name=PB7
Added Pin To Net: NetName=PB8 Pin=*2-5
Added Pin To Net: NetName=PB8 Pin=*4-3
Added Net: Name=PB8
Added Pin To Net: NetName=PB9 Pin=*2-6
Added Pin To Net: NetName=PB9 Pin=*4-4
Added Net: Name=PB9
Added Pin To Net: NetName=PB10 Pin=*2-20
Added Pin To Net: NetName=PB10 Pin=JP3-5
Added Net: Name=PB10
Added Pin To Net: NetName=PB11 Pin=*2-21
Added Pin To Net: NetName=PB11 Pin=JP3-4
Added Net: Name=PB11
Added Pin To Net: NetName=PB12 Pin=*1-11
Added Pin To Net: NetName=PB12 Pin=*2-22
Added Net: Name=PB12
Added Pin To Net: NetName=PB13 Pin=*1-12
Added Pin To Net: NetName=PB13 Pin=*2-23
Added Net: Name=PB13
Added Pin To Net: NetName=PB14 Pin=*1-14
Added Pin To Net: NetName=PB14 Pin=*2-24
Added Net: Name=PB14
Added Pin To Net: NetName=PB15 Pin=*1-15
Added Pin To Net: NetName=PB15 Pin=*2-25
Added Net: Name=PB15
Added Pin To Net: NetName=PC13 Pin=*2-7
Added Net: Name=PC13
Added Pin To Net: NetName=PC14 Pin=*2-8
Added Net: Name=PC14
Added Pin To Net: NetName=PC15 Pin=*2-9
Added Net: Name=PC15
Added Member To Class: ClassName=我的底板 Member=Component *1 TB6612电机驱动模块
Added Member To Class: ClassName=我的底板 Member=Component *2 STM32F103C8T6
Added Member To Class: ClassName=我的底板 Member=Component *3 电源模块
Added Member To Class: ClassName=我的底板 Member=Component *4 MPU6050
Added Member To Class: ClassName=我的底板 Member=Component * 线性CCD
Added Member To Class: ClassName=我的底板 Member=Component * 电源T头
Added Member To Class: ClassName=我的底板 Member=Component E1 220uF/16V
Added Member To Class: ClassName=我的底板 Member=Component J1 超声波
Added Member To Class: ClassName=我的底板 Member=Component JP1 电机1
Added Member To Class: ClassName=我的底板 Member=Component JP2 电机2
Added Member To Class: ClassName=我的底板 Member=Component JP3 蓝牙
Added Member To Class: ClassName=我的底板 Member=Component S1 MTS-10x
Added Room: Name=我的底板
